<?xml version="1.0" encoding="UTF-8"?>
<Site BuildName="Win32-MSBuild"
	BuildStamp="20240427-0641-Experimental"
	Name="DESKTOP-BIA01OU"
	Generator="ctest-3.27.0-rc5"
	CompilerName="D:/Programs/VS Community/VC/Tools/MSVC/14.38.33130/bin/Hostx64/x64/cl.exe"
	CompilerVersion="19.38.33134.0"
	OSName="Windows"
	Hostname="DESKTOP-BIA01OU"
	OSRelease=" Personal"
	OSVersion=" (Build 19045)"
	OSPlatform="AMD64"
	Is64Bits="1"
	VendorString="GenuineIntel"
	VendorID="Intel Corporation"
	FamilyID="6"
	ModelID="7"
	ProcessorCacheSize="-1"
	NumberOfLogicalCPU="12"
	NumberOfPhysicalCPU="6"
	TotalVirtualMemory="71853"
	TotalPhysicalMemory="32637"
	LogicalProcessorsPerPhysical="2"
	ProcessorClockFrequency="2712"
	>
	<Testing>
		<StartDateTime>Apr 27 11:43 [NON-UTF-8-BYTE-0xCA][NON-UTF-8-BYTE-0xFB][NON-UTF-8-BYTE-0xE7][NON-UTF-8-BYTE-0xFB][NON-UTF-8-BYTE-0xEB][NON-UTF-8-BYTE-0xEE][NON-UTF-8-BYTE-0xF0][NON-UTF-8-BYTE-0xE4][NON-UTF-8-BYTE-0xE0] ([NON-UTF-8-BYTE-0xE7][NON-UTF-8-BYTE-0xE8][NON-UTF-8-BYTE-0xEC][NON-UTF-8-BYTE-0xE0])</StartDateTime>
		<StartTestTime>1714200181</StartTestTime>
		<TestList/>
		<EndDateTime>Apr 27 11:43 [NON-UTF-8-BYTE-0xCA][NON-UTF-8-BYTE-0xFB][NON-UTF-8-BYTE-0xE7][NON-UTF-8-BYTE-0xFB][NON-UTF-8-BYTE-0xEB][NON-UTF-8-BYTE-0xEE][NON-UTF-8-BYTE-0xF0][NON-UTF-8-BYTE-0xE4][NON-UTF-8-BYTE-0xE0] ([NON-UTF-8-BYTE-0xE7][NON-UTF-8-BYTE-0xE8][NON-UTF-8-BYTE-0xEC][NON-UTF-8-BYTE-0xE0])</EndDateTime>
		<EndTestTime>1714200181</EndTestTime>
		<ElapsedMinutes>0</ElapsedMinutes>
	</Testing>
</Site>
